2015-02-18 18:13:11,210:INFO: Starting new HTTPS connection (1): www.googleapis.com
2015-02-18 18:13:12,859:DEBUG: "GET /youtube/v3/search?maxResults=8&q=coheed+and+cambria&videoCategoryId=music&type=video&key=AIzaSyAl1Xq9DwdE_KD4AtPaE4EJl3WZe2zCqg4&part=id HTTP/1.1" 200 1760
2015-02-18 18:13:13,145:DEBUG: encoding unknown
2015-02-18 18:13:13,188:DEBUG: Fetched video info
2015-02-18 18:13:13,194:DEBUG: extracted stream maps
2015-02-18 18:13:13,194:DEBUG: Fetching dash page
2015-02-18 18:13:13,358:DEBUG: encoding unknown
2015-02-18 18:13:13,360:DEBUG: DASH list fetched
2015-02-18 18:13:13,691:DEBUG: encoding unknown
2015-02-18 18:13:13,731:DEBUG: Fetched video info
2015-02-18 18:13:13,736:DEBUG: extracted stream maps
2015-02-18 18:13:13,736:DEBUG: Fetching dash page
2015-02-18 18:13:13,820:DEBUG: encoding unknown
2015-02-18 18:13:13,821:DEBUG: DASH list fetched
2015-02-18 18:13:14,109:DEBUG: encoding unknown
2015-02-18 18:13:14,152:DEBUG: Fetched video info
2015-02-18 18:13:14,159:DEBUG: extracted stream maps
2015-02-18 18:13:14,159:DEBUG: Fetching dash page
2015-02-18 18:13:14,247:DEBUG: encoding unknown
2015-02-18 18:13:14,248:DEBUG: DASH list fetched
2015-02-18 18:13:14,480:DEBUG: encoding unknown
2015-02-18 18:13:14,525:DEBUG: Fetched video info
2015-02-18 18:13:14,531:DEBUG: extracted stream maps
2015-02-18 18:13:14,532:DEBUG: Fetching dash page
2015-02-18 18:13:14,692:DEBUG: encoding unknown
2015-02-18 18:13:14,693:DEBUG: DASH list fetched
2015-02-18 18:13:14,954:DEBUG: encoding unknown
2015-02-18 18:13:14,993:DEBUG: Fetched video info
2015-02-18 18:13:14,998:DEBUG: extracted stream maps
2015-02-18 18:13:14,999:DEBUG: Fetching dash page
2015-02-18 18:13:15,107:DEBUG: encoding unknown
2015-02-18 18:13:15,107:DEBUG: DASH list fetched
2015-02-18 18:13:15,361:DEBUG: encoding unknown
2015-02-18 18:13:15,435:DEBUG: Fetched video info
2015-02-18 18:13:15,443:DEBUG: extracted stream maps
2015-02-18 18:13:15,443:DEBUG: Fetching dash page
2015-02-18 18:13:15,533:DEBUG: encoding unknown
2015-02-18 18:13:15,566:DEBUG: DASH list fetched
2015-02-18 18:13:15,844:DEBUG: encoding unknown
2015-02-18 18:13:15,887:DEBUG: Fetched video info
2015-02-18 18:13:15,893:DEBUG: extracted stream maps
2015-02-18 18:13:15,893:DEBUG: ciphertag mismatch
2015-02-18 18:13:15,894:DEBUG: Encrypted signature detected.
