2015-10-16 23:19:30,296:DEBUG: System is: Linux-3.13.0-63-generic-i686-with-Ubuntu-14.04-trusty
2015-10-16 23:19:30,304:DEBUG: Python archetecture is: 32bit
2015-10-16 23:19:30,307:DEBUG: Machine archetecture is: i686
2015-10-16 23:19:30,307:INFO: Developer status is: True
2015-10-16 23:19:30,307:INFO: cfg file found : flags.cfg
2015-10-16 23:19:30,321:DEBUG: ('CREATE TABLE "usercontribution" ("id" INTEGER NOT NULL PRIMARY KEY, "title" VARCHAR(255), "artist" VARCHAR(255), "album" VARCHAR(255), "genre" VARCHAR(255), "length" VARCHAR(255), "source" VARCHAR(255))', [])
2015-10-16 23:19:30,586:DEBUG: ('INSERT INTO "usercontribution" ("title", "artist", "album", "genre", "length", "source") VALUES (?, ?, ?, ?, ?, ?)', ['Byrgio', 'Sigur Rós', 'Hlemmur', 'Soundtrack', '96', 'hard_disk'])
2015-10-16 23:19:30,709:DEBUG: ('INSERT INTO "usercontribution" ("title", "artist", "album", "genre", "length", "source") VALUES (?, ?, ?, ?, ?, ?)', ['Of Steel', 'Say Anything', 'Anarchy, My Dear', '', '250', 'hard_disk'])
2015-10-16 23:19:30,855:DEBUG: ('INSERT INTO "usercontribution" ("title", "artist", "album", "genre", "length", "source") VALUES (?, ?, ?, ?, ?, ?)', ['Peace Out', 'Say Anything', 'Anarchy, My Dear', '', '316', 'hard_disk'])
2015-10-16 23:19:31,000:DEBUG: ('INSERT INTO "usercontribution" ("title", "artist", "album", "genre", "length", "source") VALUES (?, ?, ?, ?, ?, ?)', ['Hangover Song', 'Say Anything', 'In Defense of the Genre (disc 2)', 'Pop', '59', 'hard_disk'])
2015-10-16 23:19:31,135:DEBUG: ('INSERT INTO "usercontribution" ("title", "artist", "album", "genre", "length", "source") VALUES (?, ?, ?, ?, ?, ?)', ['Between Your Band And The Other Band', 'Tigers Jaw', 'Tigers Jaw', 'Alternative & Punk', '279', 'hard_disk'])
2015-10-16 23:19:31,274:DEBUG: ('INSERT INTO "usercontribution" ("title", "artist", "album", "genre", "length", "source") VALUES (?, ?, ?, ?, ?, ?)', ['The Distance Between Us (Float Remix)', 'Codes In The Clouds', 'Paper Canyon Recycled', 'Post Rock', '365', 'hard_disk'])
2015-10-16 23:19:31,415:DEBUG: ('INSERT INTO "usercontribution" ("title", "artist", "album", "genre", "length", "source") VALUES (?, ?, ?, ?, ?, ?)', ['Shiksa (Girlfriend)', 'Say Anything', 'In Defense of the Genre Disc 1', 'Alternative', '218', 'hard_disk'])
2015-10-16 23:19:31,538:DEBUG: ('INSERT INTO "usercontribution" ("title", "artist", "album", "genre", "length", "source") VALUES (?, ?, ?, ?, ?, ?)', ['That Is Why', 'Say Anything', 'In Defense Of The Genre', '', '253', 'hard_disk'])
2015-10-16 23:19:31,662:DEBUG: ('INSERT INTO "usercontribution" ("title", "artist", "album", "genre", "length", "source") VALUES (?, ?, ?, ?, ?, ?)', ['Less Cute', 'Say Anything', 'Say Anything', 'Alternative & Punk', '185', 'hard_disk'])
2015-10-16 23:19:31,798:DEBUG: ('INSERT INTO "usercontribution" ("title", "artist", "album", "genre", "length", "source") VALUES (?, ?, ?, ?, ?, ?)', ['Surgically Removing the Tracking Device', 'Say Anything', 'In Defense of the Genre Disc 1', 'Alternative', '150', 'hard_disk'])
2015-10-16 23:19:31,923:DEBUG: ('INSERT INTO "usercontribution" ("title", "artist", "album", "genre", "length", "source") VALUES (?, ?, ?, ?, ?, ?)', ["Baby Girl, I'm A Blur", 'Say Anything', 'In Defense Of The Genre [Disc 1]', 'Alternative & Punk', '259', 'hard_disk'])
2015-10-16 23:19:32,057:DEBUG: ('INSERT INTO "usercontribution" ("title", "artist", "album", "genre", "length", "source") VALUES (?, ?, ?, ?, ?, ?)', ['Fractures', 'Codes in the Clouds', 'Paper Canyon', 'Instrumental Rock', '319', 'hard_disk'])
2015-10-16 23:19:32,191:DEBUG: ('INSERT INTO "usercontribution" ("title", "artist", "album", "genre", "length", "source") VALUES (?, ?, ?, ?, ?, ?)', ['Hate Everyone', 'SAY ANYTHING', 'Say Anything', 'Alternative', '193', 'hard_disk'])
2015-10-16 23:19:32,326:DEBUG: ('INSERT INTO "usercontribution" ("title", "artist", "album", "genre", "length", "source") VALUES (?, ?, ?, ?, ?, ?)', ['Seventy Times 7', 'Brand New', 'Your Favorite Weapon', 'Pop', '214', 'hard_disk'])
2015-10-16 23:19:32,460:DEBUG: ('INSERT INTO "usercontribution" ("title", "artist", "album", "genre", "length", "source") VALUES (?, ?, ?, ?, ?, ?)', ['People Like You Are Why People Like Me Exist', 'Say Anything', 'In Defense Of The Genre', '', '205', 'hard_disk'])
2015-10-16 23:19:32,584:DEBUG: ('INSERT INTO "usercontribution" ("title", "artist", "album", "genre", "length", "source") VALUES (?, ?, ?, ?, ?, ?)', ['Say Anything', 'Say Anything', 'Anarchy, My Dear', '', '181', 'hard_disk'])
2015-10-16 23:19:32,719:DEBUG: ('INSERT INTO "usercontribution" ("title", "artist", "album", "genre", "length", "source") VALUES (?, ?, ?, ?, ?, ?)', ['TNT', 'Tortoise', 'TNT', '', '455', 'hard_disk'])
2015-10-16 23:19:32,854:DEBUG: ('INSERT INTO "usercontribution" ("title", "artist", "album", "genre", "length", "source") VALUES (?, ?, ?, ?, ?, ?)', ['Jesus Christ', 'Brand New', 'The Devil And God Are Raging Inside Me', 'Rock', '318', 'hard_disk'])
2015-10-16 23:19:33,004:DEBUG: ('INSERT INTO "usercontribution" ("title", "artist", "album", "genre", "length", "source") VALUES (?, ?, ?, ?, ?, ?)', ['Sleepwalking', 'Everything is made in China', 'Automatic Movements', '', '203', 'hard_disk'])
2015-10-16 23:19:33,135:DEBUG: ('INSERT INTO "usercontribution" ("title", "artist", "album", "genre", "length", "source") VALUES (?, ?, ?, ?, ?, ?)', ['You Are Not What You Think You Are', 'Codes in the Clouds', 'Paper Canyon', 'Instrumental Rock', '595', 'hard_disk'])
2015-10-16 23:19:33,270:DEBUG: ('INSERT INTO "usercontribution" ("title", "artist", "album", "genre", "length", "source") VALUES (?, ?, ?, ?, ?, ?)', ['She Got Away', 'Say Anything', 'Junior Varsity', '', '212', 'hard_disk'])
2015-10-16 23:19:33,404:DEBUG: ('INSERT INTO "usercontribution" ("title", "artist", "album", "genre", "length", "source") VALUES (?, ?, ?, ?, ?, ?)', ['Crystal Vision', 'Tigers Jaw', 'Spirit Desire', '', '266', 'hard_disk'])
2015-10-16 23:19:33,724:DEBUG: ('INSERT INTO "usercontribution" ("title", "artist", "album", "genre", "length", "source") VALUES (?, ?, ?, ?, ?, ?)', ["Goodbye Young Tutor, You've Now Outgrown Me", 'Say Anything', 'In Defense of the Genre Disc 2', 'Alternative', '259', 'hard_disk'])
2015-10-16 23:19:33,854:DEBUG: ('INSERT INTO "usercontribution" ("title", "artist", "album", "genre", "length", "source") VALUES (?, ?, ?, ?, ?, ?)', ['You And I Change Like Seasons', 'Codes In The Clouds', 'As The Spirit Wanes', 'Alternative', '320', 'hard_disk'])
2015-10-16 23:19:33,974:DEBUG: ('INSERT INTO "usercontribution" ("title", "artist", "album", "genre", "length", "source") VALUES (?, ?, ?, ?, ?, ?)', ['Skinny, Mean Man', 'Say Anything', 'In Defense Of The Genre', '', '215', 'hard_disk'])
2015-10-16 23:19:34,098:DEBUG: ('INSERT INTO "usercontribution" ("title", "artist", "album", "genre", "length", "source") VALUES (?, ?, ?, ?, ?, ?)', ['Admit It Again', 'Say Anything', 'Anarchy, My Dear', '', '252', 'hard_disk'])
2015-10-16 23:19:34,222:DEBUG: ('INSERT INTO "usercontribution" ("title", "artist", "album", "genre", "length", "source") VALUES (?, ?, ?, ?, ?, ?)', ['In Defense Of the Genre', 'Say Anything', 'In Defense of the Genre', 'Other', '243', 'hard_disk'])
2015-10-16 23:19:34,361:DEBUG: ('INSERT INTO "usercontribution" ("title", "artist", "album", "genre", "length", "source") VALUES (?, ?, ?, ?, ?, ?)', ['Taijin Kyofusho', 'The Evpatoria Report', 'Golevka', 'Rock', '660', 'hard_disk'])
2015-10-16 23:19:34,459:DEBUG: ('INSERT INTO "usercontribution" ("title", "artist", "album", "genre", "length", "source") VALUES (?, ?, ?, ?, ?, ?)', ['That Is Why', 'Say Anything', 'In Defense Of The Genre', '', '253', 'hard_disk'])
2015-10-16 23:19:34,572:DEBUG: ('INSERT INTO "usercontribution" ("title", "artist", "album", "genre", "length", "source") VALUES (?, ?, ?, ?, ?, ?)', ['Distant Street Lights', 'Codes in the Clouds', 'Paper Canyon', 'Instrumental Rock', '305', 'hard_disk'])
2015-10-16 23:19:34,720:DEBUG: ('INSERT INTO "usercontribution" ("title", "artist", "album", "genre", "length", "source") VALUES (?, ?, ?, ?, ?, ?)', ['We Were Alive, Together (First Position)', 'Codes In The Clouds', 'As The Spirit Wanes', 'Alternative', '102', 'hard_disk'])
2015-10-16 23:19:34,863:DEBUG: ('INSERT INTO "usercontribution" ("title", "artist", "album", "genre", "length", "source") VALUES (?, ?, ?, ?, ?, ?)', ['Distant Street Lights', 'Codes in the Cloud', 'Paper Canyon', 'Rock', '305', 'hard_disk'])
2015-10-16 23:19:35,002:DEBUG: ('INSERT INTO "usercontribution" ("title", "artist", "album", "genre", "length", "source") VALUES (?, ?, ?, ?, ?, ?)', ['You Are Not What You Think You Are (Baked Clouds Remix)', 'Codes In The Clouds', 'Paper Canyon Recycled', 'Post Rock', '159', 'hard_disk'])
2015-10-16 23:19:35,132:DEBUG: ('INSERT INTO "usercontribution" ("title", "artist", "album", "genre", "length", "source") VALUES (?, ?, ?, ?, ?, ?)', ['Hangover Song', 'Say Anything', 'In Defense of the Genre (disc 2)', 'Pop', '59', 'hard_disk'])
2015-10-16 23:19:35,278:DEBUG: ('INSERT INTO "usercontribution" ("title", "artist", "album", "genre", "length", "source") VALUES (?, ?, ?, ?, ?, ?)', ['Fed to Death', 'Say Anything', 'Say Anything', 'Alternative', '96', 'hard_disk'])
2015-10-16 23:19:35,424:DEBUG: ('INSERT INTO "usercontribution" ("title", "artist", "album", "genre", "length", "source") VALUES (?, ?, ?, ?, ?, ?)', ['Storm', 'Godspeed You Black Emperor!', 'Lift Your Skinny Fists Like Antennas To Heaven', 'Ambient', '1352', 'hard_disk'])
2015-10-16 23:19:35,549:DEBUG: ('INSERT INTO "usercontribution" ("title", "artist", "album", "genre", "length", "source") VALUES (?, ?, ?, ?, ?, ?)', ['Mara And Me', 'Say Anything', 'Say Anything', 'Rock', '232', 'hard_disk'])
2015-10-16 23:19:35,705:DEBUG: ('INSERT INTO "usercontribution" ("title", "artist", "album", "genre", "length", "source") VALUES (?, ?, ?, ?, ?, ?)', ['Shiksa (Girlfriend)', 'Say Anything', 'In Defense of the Genre Disc 1', 'Alternative', '218', 'hard_disk'])
2015-10-16 23:19:35,832:DEBUG: ('INSERT INTO "usercontribution" ("title", "artist", "album", "genre", "length", "source") VALUES (?, ?, ?, ?, ?, ?)', ["If I'd Have Known It Was The Last (Second Position)", 'Codes In The Clouds', 'As The Spirit Wanes', 'Alternative', '112', 'hard_disk'])
2015-10-16 23:19:35,986:DEBUG: ('INSERT INTO "usercontribution" ("title", "artist", "album", "genre", "length", "source") VALUES (?, ?, ?, ?, ?, ?)', ['The Octuple Personality And Eleven Crows', "World's End Girlfriend", 'Hurtbreak Wonderland', '', '633', 'hard_disk'])
2015-10-16 23:19:36,486:DEBUG: ('INSERT INTO "usercontribution" ("title", "artist", "album", "genre", "length", "source") VALUES (?, ?, ?, ?, ?, ?)', ["Happiness We're All in It Together", 'This Will Destroy You', 'Young Mountain', 'Rock', '513', 'hard_disk'])
2015-10-16 23:19:36,621:DEBUG: ('INSERT INTO "usercontribution" ("title", "artist", "album", "genre", "length", "source") VALUES (?, ?, ?, ?, ?, ?)', ['Retarded in Love', 'Say Anything', 'In Defense of the Genre Disc 1', 'Alternative', '187', 'hard_disk'])
2015-10-16 23:19:36,748:DEBUG: ('INSERT INTO "usercontribution" ("title", "artist", "album", "genre", "length", "source") VALUES (?, ?, ?, ?, ?, ?)', ['You Are Not What You Think You Are (Rival Consoles Remix)', 'Codes In The Clouds', 'Paper Canyon Recycled', 'Post Rock', '332', 'hard_disk'])
2015-10-16 23:19:36,892:DEBUG: ('INSERT INTO "usercontribution" ("title", "artist", "album", "genre", "length", "source") VALUES (?, ?, ?, ?, ?, ?)', ['Washington', 'Codes In The Clouds', 'As The Spirit Wanes', 'Alternative', '270', 'hard_disk'])
2015-10-16 23:19:37,025:DEBUG: ('INSERT INTO "usercontribution" ("title", "artist", "album", "genre", "length", "source") VALUES (?, ?, ?, ?, ?, ?)', ["She Won't Follow You", 'Say Anything', 'Say Anything', 'Alternative & Punk', '163', 'hard_disk'])
2015-10-16 23:19:37,174:DEBUG: ('INSERT INTO "usercontribution" ("title", "artist", "album", "genre", "length", "source") VALUES (?, ?, ?, ?, ?, ?)', ['Where Dirt Meets Water', 'Codes In The Clouds', 'As The Spirit Wanes', 'Alternative', '294', 'hard_disk'])
2015-10-16 23:19:37,340:DEBUG: ('INSERT INTO "usercontribution" ("title", "artist", "album", "genre", "length", "source") VALUES (?, ?, ?, ?, ?, ?)', ['Moshi Moshi', 'Brand New', 'Brand New / Safety in Numbers', 'Emo', '147', 'hard_disk'])
2015-10-16 23:19:37,477:DEBUG: ('INSERT INTO "usercontribution" ("title", "artist", "album", "genre", "length", "source") VALUES (?, ?, ?, ?, ?, ?)', ['The Tragedian', 'Codes In The Clouds', 'As The Spirit Wanes', 'Alternative', '274', 'hard_disk'])
2015-10-16 23:19:37,609:DEBUG: ('INSERT INTO "usercontribution" ("title", "artist", "album", "genre", "length", "source") VALUES (?, ?, ?, ?, ?, ?)', ['Youngblood', 'Russian Circles', 'Station', 'Rock', '456', 'hard_disk'])
2015-10-16 23:19:37,745:DEBUG: ('INSERT INTO "usercontribution" ("title", "artist", "album", "genre", "length", "source") VALUES (?, ?, ?, ?, ?, ?)', ['Surgically Removing the Tracking Device', 'Say Anything', 'In Defense of the Genre Disc 1', 'Alternative', '150', 'hard_disk'])
2015-10-16 23:19:37,867:DEBUG: ('INSERT INTO "usercontribution" ("title", "artist", "album", "genre", "length", "source") VALUES (?, ?, ?, ?, ?, ?)', ["You Can't Touch the Untouchable", 'The Big Sleep', 'Son of the Tiger', 'Rock', '232', 'hard_disk'])
2015-10-16 23:19:38,002:DEBUG: ('INSERT INTO "usercontribution" ("title", "artist", "album", "genre", "length", "source") VALUES (?, ?, ?, ?, ?, ?)', ['Retarded in Love', 'Say Anything', 'In Defense of the Genre Disc 1', 'Alternative', '187', 'hard_disk'])
2015-10-16 23:19:38,137:DEBUG: ('INSERT INTO "usercontribution" ("title", "artist", "album", "genre", "length", "source") VALUES (?, ?, ?, ?, ?, ?)', ['So Good', 'Say Anything', 'Anarchy, My Dear', '', '269', 'hard_disk'])
2015-10-16 23:19:38,252:DEBUG: ('INSERT INTO "usercontribution" ("title", "artist", "album", "genre", "length", "source") VALUES (?, ?, ?, ?, ?, ?)', ['You are Not What you Think you Are', 'Codes in the Cloud', 'Paper Canyon', 'Rock', '596', 'hard_disk'])
2015-10-16 23:19:38,397:DEBUG: ('INSERT INTO "usercontribution" ("title", "artist", "album", "genre", "length", "source") VALUES (?, ?, ?, ?, ?, ?)', ['This Is Fucking Ecstasy', 'Say Anything', 'In Defense Of The Genre', 'Rock', '159', 'hard_disk'])
2015-10-16 23:19:38,520:DEBUG: ('INSERT INTO "usercontribution" ("title", "artist", "album", "genre", "length", "source") VALUES (?, ?, ?, ?, ?, ?)', ['Skinny, Mean Man', 'Say Anything', 'In Defense Of The Genre', '', '215', 'hard_disk'])
2015-10-16 23:19:38,644:DEBUG: ('INSERT INTO "usercontribution" ("title", "artist", "album", "genre", "length", "source") VALUES (?, ?, ?, ?, ?, ?)', ["What's In The Ground Belongs To You", 'If These Trees Could Talk', 'Above The Earth, Below The Sky', 'Rock', '254', 'hard_disk'])
2015-10-16 23:19:38,779:DEBUG: ('INSERT INTO "usercontribution" ("title", "artist", "album", "genre", "length", "source") VALUES (?, ?, ?, ?, ?, ?)', ['The Stephen Hawking', 'Say Anything', 'Anarchy, My Dear', '', '458', 'hard_disk'])
2015-10-16 23:19:38,891:DEBUG: ('INSERT INTO "usercontribution" ("title", "artist", "album", "genre", "length", "source") VALUES (?, ?, ?, ?, ?, ?)', ['Aphelion', 'Moving Mountains', 'Pneuma', 'Ambient', '149', 'hard_disk'])
2015-10-16 23:19:39,026:DEBUG: ('INSERT INTO "usercontribution" ("title", "artist", "album", "genre", "length", "source") VALUES (?, ?, ?, ?, ?, ?)', ['Bulk Eye', 'Don Caballero', 'Punkgasm', 'Math Rock', '298', 'hard_disk'])
2015-10-16 23:19:39,116:DEBUG: ('INSERT INTO "usercontribution" ("title", "artist", "album", "genre", "length", "source") VALUES (?, ?, ?, ?, ?, ?)', ['People Like You Are Why People Like Me Exist', 'Say Anything', 'In Defense Of The Genre', '', '205', 'hard_disk'])
2015-10-16 23:19:39,262:DEBUG: ('INSERT INTO "usercontribution" ("title", "artist", "album", "genre", "length", "source") VALUES (?, ?, ?, ?, ?, ?)', ['No Soul', 'Say Anything', 'In Defense Of The Genre', '', '216', 'hard_disk'])
2015-10-16 23:19:39,410:DEBUG: ('INSERT INTO "usercontribution" ("title", "artist", "album", "genre", "length", "source") VALUES (?, ?, ?, ?, ?, ?)', ['Sheep', 'Say Anything', 'Anarchy, My Dear', '', '175', 'hard_disk'])
2015-10-16 23:19:39,544:DEBUG: ('INSERT INTO "usercontribution" ("title", "artist", "album", "genre", "length", "source") VALUES (?, ?, ?, ?, ?, ?)', ['No Soul', 'Say Anything', 'In Defense Of The Genre', '', '216', 'hard_disk'])
2015-10-16 23:19:39,671:DEBUG: ('INSERT INTO "usercontribution" ("title", "artist", "album", "genre", "length", "source") VALUES (?, ?, ?, ?, ?, ?)', ['Distant Street Lights (A Dancing Beggar Remix)', 'Codes In The Clouds', 'Paper Canyon Recycled', 'Post Rock', '357', 'hard_disk'])
2015-10-16 23:19:39,803:DEBUG: ('INSERT INTO "usercontribution" ("title", "artist", "album", "genre", "length", "source") VALUES (?, ?, ?, ?, ?, ?)', ['Listening In Depth', 'Labradford', 'Prazision LP', 'Alternative & Punk', '453', 'hard_disk'])
2015-10-16 23:19:39,914:DEBUG: ('INSERT INTO "usercontribution" ("title", "artist", "album", "genre", "length", "source") VALUES (?, ?, ?, ?, ?, ?)', ['Jude Law and a Semester Abroad', 'Brand New', 'Your Favorite Weapon', 'Pop', '280', 'hard_disk'])
2015-10-16 23:19:40,005:DEBUG: ('INSERT INTO "usercontribution" ("title", "artist", "album", "genre", "length", "source") VALUES (?, ?, ?, ?, ?, ?)', ['Magazines', 'Brand New', 'Your Favorite Weapon', 'Rock', '170', 'hard_disk'])
2015-10-16 23:19:40,154:DEBUG: ('INSERT INTO "usercontribution" ("title", "artist", "album", "genre", "length", "source") VALUES (?, ?, ?, ?, ?, ?)', ['Distant Street Lights (iambic Remix)', 'Codes In The Clouds', 'Paper Canyon Recycled', 'Post Rock', '340', 'hard_disk'])
2015-10-16 23:19:40,296:DEBUG: ('INSERT INTO "usercontribution" ("title", "artist", "album", "genre", "length", "source") VALUES (?, ?, ?, ?, ?, ?)', ['This Is Fucking Ecstasy', 'Say Anything', 'In Defense Of The Genre', 'Rock', '159', 'hard_disk'])
2015-10-16 23:19:40,420:DEBUG: ('INSERT INTO "usercontribution" ("title", "artist", "album", "genre", "length", "source") VALUES (?, ?, ?, ?, ?, ?)', ['Coca-Cola', 'Brand New', 'Sowing Season', '', '221', 'hard_disk'])
2015-10-16 23:19:40,545:DEBUG: ('INSERT INTO "usercontribution" ("title", "artist", "album", "genre", "length", "source") VALUES (?, ?, ?, ?, ?, ?)', ['Anarchy, My Dear', 'Say Anything', 'Anarchy, My Dear', '', '343', 'hard_disk'])
2015-10-16 23:19:40,669:DEBUG: ('INSERT INTO "usercontribution" ("title", "artist", "album", "genre", "length", "source") VALUES (?, ?, ?, ?, ?, ?)', ['Spay Me', 'Say Anything', 'In Defense of The Genre', 'Alternative', '193', 'hard_disk'])
2015-10-16 23:19:40,792:DEBUG: ('INSERT INTO "usercontribution" ("title", "artist", "album", "genre", "length", "source") VALUES (?, ?, ?, ?, ?, ?)', ['We Anchor in Hope', 'Codes in the Cloud', 'Paper Canyon', 'Rock', '342', 'hard_disk'])
2015-10-16 23:19:41,121:DEBUG: ('INSERT INTO "usercontribution" ("title", "artist", "album", "genre", "length", "source") VALUES (?, ?, ?, ?, ?, ?)', ['Katrien (live)', 'Mogwai', 'Young Team', 'Alternative', '332', 'hard_disk'])
2015-10-16 23:19:41,239:DEBUG: ('INSERT INTO "usercontribution" ("title", "artist", "album", "genre", "length", "source") VALUES (?, ?, ?, ?, ?, ?)', ['Limousine', 'Brand New', 'The Devil and God are Raging Inside Me', 'Alternative', '463', 'hard_disk'])
2015-10-16 23:19:41,351:DEBUG: ('INSERT INTO "usercontribution" ("title", "artist", "album", "genre", "length", "source") VALUES (?, ?, ?, ?, ?, ?)', ['[Njósnavélin]', 'Sigur Rós', '( )', '', '453', 'hard_disk'])
2015-10-16 23:19:41,479:DEBUG: ('INSERT INTO "usercontribution" ("title", "artist", "album", "genre", "length", "source") VALUES (?, ?, ?, ?, ?, ?)', ["Fractures (The Soul's Release Remix)", 'Codes In The Clouds', 'Paper Canyon Recycled', 'Post Rock', '271', 'hard_disk'])
2015-10-16 23:19:41,599:DEBUG: ('INSERT INTO "usercontribution" ("title", "artist", "album", "genre", "length", "source") VALUES (?, ?, ?, ?, ?, ?)', ['In Defense Of the Genre', 'Say Anything', 'In Defense of the Genre', 'Other', '243', 'hard_disk'])
2015-10-16 23:19:41,731:DEBUG: ('INSERT INTO "usercontribution" ("title", "artist", "album", "genre", "length", "source") VALUES (?, ?, ?, ?, ?, ?)', ["Don't Go Awash in This Digital Landscape (Maybeshewill Remix)", 'Codes In The Clouds', 'Paper Canyon Recycled', 'Post Rock', '236', 'hard_disk'])
2015-10-16 23:19:41,863:DEBUG: ('INSERT INTO "usercontribution" ("title", "artist", "album", "genre", "length", "source") VALUES (?, ?, ?, ?, ?, ?)', ['We Anchor in Hope (worriedaboutsatan Remix)', 'Codes In The Clouds', 'Paper Canyon Recycled', 'Post Rock', '426', 'hard_disk'])
2015-10-16 23:19:41,995:DEBUG: ('INSERT INTO "usercontribution" ("title", "artist", "album", "genre", "length", "source") VALUES (?, ?, ?, ?, ?, ?)', ['Tonight the City Burns', 'And So I Watch You From Afar', 'Tonight the City Burns', '', '369', 'hard_disk'])
2015-10-16 23:19:42,106:DEBUG: ('INSERT INTO "usercontribution" ("title", "artist", "album", "genre", "length", "source") VALUES (?, ?, ?, ?, ?, ?)', ['The Archers Bows Have Broken', 'Brand New', 'The Devil and God are Raging Inside Me', 'Other', '254', 'hard_disk'])
2015-10-16 23:19:42,230:DEBUG: ('INSERT INTO "usercontribution" ("title", "artist", "album", "genre", "length", "source") VALUES (?, ?, ?, ?, ?, ?)', ['Cemetery', 'Say Anything', 'Say Anything', 'Alternative & Punk', '236', 'hard_disk'])
2015-10-16 23:19:42,360:DEBUG: ('INSERT INTO "usercontribution" ("title", "artist", "album", "genre", "length", "source") VALUES (?, ?, ?, ?, ?, ?)', ['The Reason In Madness, In Love', 'Codes In The Clouds', 'As The Spirit Wanes', 'Alternative', '234', 'hard_disk'])
2015-10-16 23:19:42,493:DEBUG: ('INSERT INTO "usercontribution" ("title", "artist", "album", "genre", "length", "source") VALUES (?, ?, ?, ?, ?, ?)', ['We Anchor in Hope (Tom Hodge Remix)', 'Codes In The Clouds', 'Paper Canyon Recycled', 'Post Rock', '257', 'hard_disk'])
2015-10-16 23:19:42,604:DEBUG: ('INSERT INTO "usercontribution" ("title", "artist", "album", "genre", "length", "source") VALUES (?, ?, ?, ?, ?, ?)', ['Youngblood', 'Russian Circles', 'Station', 'Rock', '456', 'hard_disk'])
2015-10-16 23:19:42,744:DEBUG: ('INSERT INTO "usercontribution" ("title", "artist", "album", "genre", "length", "source") VALUES (?, ?, ?, ?, ?, ?)', ['The Distance Between Us (Library Tapes Remix)', 'Codes In The Clouds', 'Paper Canyon Recycled', 'Post Rock', '181', 'hard_disk'])
2015-10-16 23:19:42,886:DEBUG: ('INSERT INTO "usercontribution" ("title", "artist", "album", "genre", "length", "source") VALUES (?, ?, ?, ?, ?, ?)', ['Spay Me', 'Say Anything', 'In Defense of The Genre', 'Alternative', '193', 'hard_disk'])
2015-10-16 23:19:43,123:DEBUG: ('INSERT INTO "usercontribution" ("title", "artist", "album", "genre", "length", "source") VALUES (?, ?, ?, ?, ?, ?)', ['Jet Alone', 'Tigers Jaw', 'Split 12"', 'Indie', '159', 'hard_disk'])
2015-10-16 23:19:43,347:DEBUG: ('INSERT INTO "usercontribution" ("title", "artist", "album", "genre", "length", "source") VALUES (?, ?, ?, ?, ?, ?)', ['We Anchor in Hope (Machinefabriek Remix)', 'Codes In The Clouds', 'Paper Canyon Recycled', 'Post Rock', '151', 'hard_disk'])
2015-10-16 23:19:43,641:DEBUG: ('INSERT INTO "usercontribution" ("title", "artist", "album", "genre", "length", "source") VALUES (?, ?, ?, ?, ?, ?)', ["Goodbye Young Tutor, You've Now Outgrown Me", 'Say Anything', 'In Defense of the Genre Disc 2', 'Alternative', '259', 'hard_disk'])
2015-10-16 23:19:43,851:DEBUG: ('INSERT INTO "usercontribution" ("title", "artist", "album", "genre", "length", "source") VALUES (?, ?, ?, ?, ?, ?)', ["Don't Go Awash in This Digital Landscape (feat. Paul Mullen / yourcodenameis:milo)", 'Codes In The Clouds', 'Paper Canyon Recycled', 'Post Rock', '192', 'hard_disk'])
2015-10-16 23:19:43,994:DEBUG: ('INSERT INTO "usercontribution" ("title", "artist", "album", "genre", "length", "source") VALUES (?, ?, ?, ?, ?, ?)', ['New Years End', 'God is an Astronaut', 'Far From Refuge', '', '258', 'hard_disk'])
2015-10-16 23:19:44,141:DEBUG: ('INSERT INTO "usercontribution" ("title", "artist", "album", "genre", "length", "source") VALUES (?, ?, ?, ?, ?, ?)', ['Monstercat Podcast Ep. 052', 'Monstercat', '', '', '3661', 'hard_disk'])
2015-10-16 23:19:44,297:DEBUG: ('INSERT INTO "usercontribution" ("title", "artist", "album", "genre", "length", "source") VALUES (?, ?, ?, ?, ?, ?)', ['Broche', 'Stafrænn Hákon', 'Apron EP', '', '293', 'hard_disk'])
2015-10-16 23:19:44,421:DEBUG: ('INSERT INTO "usercontribution" ("title", "artist", "album", "genre", "length", "source") VALUES (?, ?, ?, ?, ?, ?)', ['Nijūyoji', 'AKFG', 'Sol-fa', 'Rock', '211', 'hard_disk'])
2015-10-16 23:19:44,558:DEBUG: ('INSERT INTO "usercontribution" ("title", "artist", "album", "genre", "length", "source") VALUES (?, ?, ?, ?, ?, ?)', ['Cold Calls', 'Codes In The Clouds', 'As The Spirit Wanes', 'Alternative', '254', 'hard_disk'])
2015-10-16 23:19:44,692:DEBUG: ('INSERT INTO "usercontribution" ("title", "artist", "album", "genre", "length", "source") VALUES (?, ?, ?, ?, ?, ?)', ['Ahh... Men', 'Say Anything', 'Say Anything', '', '236', 'hard_disk'])
2015-10-16 23:19:44,815:DEBUG: ('INSERT INTO "usercontribution" ("title", "artist", "album", "genre", "length", "source") VALUES (?, ?, ?, ?, ?, ?)', ['A Traves de los Ojos de Nuestras Hijas', 'Tristeza', 'Paisajes', 'Indie Rock', '320', 'hard_disk'])
2015-10-16 23:19:44,949:DEBUG: ('INSERT INTO "usercontribution" ("title", "artist", "album", "genre", "length", "source") VALUES (?, ?, ?, ?, ?, ?)', ['Overbiter', 'Say Anything', 'Anarchy, My Dear', '', '207', 'hard_disk'])
2015-10-16 23:19:45,053:DEBUG: ('INSERT INTO "usercontribution" ("title", "artist", "album", "genre", "length", "source") VALUES (?, ?, ?, ?, ?, ?)', ['Last Scene', 'AKFG', 'Sol-fa', 'Rock', '241', 'hard_disk'])
2015-10-16 23:19:45,198:DEBUG: ('INSERT INTO "usercontribution" ("title", "artist", "album", "genre", "length", "source") VALUES (?, ?, ?, ?, ?, ?)', ['I Hope', 'Laura', 'Radio Swan Is Down', 'Post Rock', '333', 'hard_disk'])
2015-10-16 23:19:45,323:DEBUG: ('INSERT INTO "usercontribution" ("title", "artist", "album", "genre", "length", "source") VALUES (?, ?, ?, ?, ?, ?)', ["Night's Song", 'Say Anything', 'Anarchy, My Dear', '', '224', 'hard_disk'])
2015-10-16 23:19:45,447:DEBUG: ('INSERT INTO "usercontribution" ("title", "artist", "album", "genre", "length", "source") VALUES (?, ?, ?, ?, ?, ?)', ['Logan To Government Center (Demo)', 'Brand New', 'The Holiday (EP)', 'Emo', '192', 'hard_disk'])
2015-10-16 23:19:45,570:DEBUG: ('INSERT INTO "usercontribution" ("title", "artist", "album", "genre", "length", "source") VALUES (?, ?, ?, ?, ?, ?)', ['Eloise', 'Say Anything', 'Say Anything', 'Alternative', '228', 'hard_disk'])
2015-10-16 23:19:45,710:DEBUG: ('INSERT INTO "usercontribution" ("title", "artist", "album", "genre", "length", "source") VALUES (?, ?, ?, ?, ?, ?)', ['Sorry, Dudes. My Bad.', 'Say Anything', 'In Defense Of The Genre', '', '163', 'hard_disk'])
2015-10-16 23:19:45,818:DEBUG: ('INSERT INTO "usercontribution" ("title", "artist", "album", "genre", "length", "source") VALUES (?, ?, ?, ?, ?, ?)', ['Mayonaka to Mahiru no Yume', 'AKFG', 'Sol-fa', 'Rock', '260', 'hard_disk'])
2015-10-16 23:19:45,965:DEBUG: ('INSERT INTO "usercontribution" ("title", "artist", "album", "genre", "length", "source") VALUES (?, ?, ?, ?, ?, ?)', ['Sowing Season', 'Brand New', 'The Devil and God are Raging Inside Me', 'Rock', '270', 'hard_disk'])
2015-10-16 23:19:46,115:DEBUG: ('INSERT INTO "usercontribution" ("title", "artist", "album", "genre", "length", "source") VALUES (?, ?, ?, ?, ?, ?)', ['The Distance Between Us (Nils Frahm Remix)', 'Codes In The Clouds', 'Paper Canyon Recycled', 'Post Rock', '256', 'hard_disk'])
2015-10-16 23:19:46,247:DEBUG: ('INSERT INTO "usercontribution" ("title", "artist", "album", "genre", "length", "source") VALUES (?, ?, ?, ?, ?, ?)', ['Ahh... Men', 'Say Anything', 'Say Anything', '', '236', 'hard_disk'])
2015-10-16 23:19:46,360:DEBUG: ('INSERT INTO "usercontribution" ("title", "artist", "album", "genre", "length", "source") VALUES (?, ?, ?, ?, ?, ?)', ["Baby Girl, I'm A Blur", 'Say Anything', 'In Defense Of The Genre [Disc 1]', 'Alternative & Punk', '259', 'hard_disk'])
2015-10-16 23:19:46,471:DEBUG: ('INSERT INTO "usercontribution" ("title", "artist", "album", "genre", "length", "source") VALUES (?, ?, ?, ?, ?, ?)', ['Are You Ready (for Love)', 'Big Sleep', 'Son of the Tiger', '', '241', 'hard_disk'])
2015-10-16 23:19:46,617:DEBUG: ('INSERT INTO "usercontribution" ("title", "artist", "album", "genre", "length", "source") VALUES (?, ?, ?, ?, ?, ?)', ['Limp Waltz', 'Clogs', 'Lullaby For Sue', 'Rock', '215', 'hard_disk'])
2015-10-16 23:19:46,733:DEBUG: ('INSERT INTO "usercontribution" ("title", "artist", "album", "genre", "length", "source") VALUES (?, ?, ?, ?, ?, ?)', ['Sorry, Dudes. My Bad.', 'Say Anything', 'In Defense Of The Genre', '', '163', 'hard_disk'])
2015-10-16 23:19:46,880:DEBUG: ('INSERT INTO "usercontribution" ("title", "artist", "album", "genre", "length", "source") VALUES (?, ?, ?, ?, ?, ?)', ['The Distance Between Us (The Echelon Effect Remix)', 'Codes In The Clouds', 'Paper Canyon Recycled', 'Post Rock', '339', 'hard_disk'])
2015-10-16 23:19:47,002:DEBUG: ('INSERT INTO "usercontribution" ("title", "artist", "album", "genre", "length", "source") VALUES (?, ?, ?, ?, ?, ?)', ['Say Anything (Full Album)', 'Baseball', '', '', '4440', 'hard_disk'])
2015-10-16 23:19:47,137:DEBUG: ('INSERT INTO "usercontribution" ("title", "artist", "album", "genre", "length", "source") VALUES (?, ?, ?, ?, ?, ?)', ['Two Tongues (Full Album)', 'Two Tongues', '', '', '2538', 'hard_disk'])
2015-10-16 23:19:47,272:DEBUG: ('INSERT INTO "usercontribution" ("title", "artist", "album", "genre", "length", "source") VALUES (?, ?, ?, ?, ?, ?)', ['Hebrews (Full Album)', 'Say Anything', '', '', '2854', 'hard_disk'])
2015-10-16 23:19:47,395:DEBUG: ('INSERT INTO "usercontribution" ("title", "artist", "album", "genre", "length", "source") VALUES (?, ?, ?, ?, ?, ?)', ['Rose (FULL EP)', 'The Front Bottoms', '', '', '1115', 'hard_disk'])
2015-10-16 23:19:47,565:DEBUG: ('INSERT INTO "usercontribution" ("title", "artist", "album", "genre", "length", "source") VALUES (?, ?, ?, ?, ?, ?)', ['Talon of the Hawk (FULL ALBUM)', 'The Front Bottoms', '', '', '2553', 'hard_disk'])
2015-10-16 23:19:47,732:DEBUG: ('INSERT INTO "usercontribution" ("title", "artist", "album", "genre", "length", "source") VALUES (?, ?, ?, ?, ?, ?)', ['The Front Bottoms (Full Album)', 'The Front Bottoms', '', '', '2709', 'hard_disk'])
2015-10-16 23:19:49,516:INFO: Shutdown procedures being run!
2015-10-16 23:19:49,516:INFO: End..
